<?xml version="1.0" encoding="UTF-8"?>
<testng-results skipped="0" failed="0" ignored="0" total="1" passed="1">
  <reporter-output>
  </reporter-output>
  <suite name="Suite" duration-ms="436396" started-at="2020-01-31T04:36:33Z" finished-at="2020-01-31T04:43:49Z">
    <groups>
    </groups>
    <test name="Registration Automation" duration-ms="436396" started-at="2020-01-31T04:36:33Z" finished-at="2020-01-31T04:43:49Z">
      <class name="com.nmc.testcases.testcase01.SampleTestCase">
        <test-method status="PASS" signature="setUp(java.lang.String)[pri:0, instance:com.nmc.testcases.testcase01.SampleTestCase@5b3f61ff]" name="setUp" is-config="true" duration-ms="7875" started-at="2020-01-31T04:36:33Z" finished-at="2020-01-31T04:36:40Z">
          <params>
            <param index="0">
              <value>
                <![CDATA[firefox]]>
              </value>
            </param>
          </params>
          <reporter-output>
          </reporter-output>
        </test-method> <!-- setUp -->
        <test-method status="PASS" signature="before_method()[pri:0, instance:com.nmc.testcases.testcase01.SampleTestCase@5b3f61ff]" name="before_method" is-config="true" duration-ms="73" started-at="2020-01-31T04:36:40Z" finished-at="2020-01-31T04:36:41Z">
          <reporter-output>
          </reporter-output>
        </test-method> <!-- before_method -->
        <test-method status="PASS" signature="test_1([Ljava.lang.String;)[pri:0, instance:com.nmc.testcases.testcase01.SampleTestCase@5b3f61ff]" name="test_1" duration-ms="422619" started-at="2020-01-31T04:36:43Z" data-provider="regData" finished-at="2020-01-31T04:43:45Z">
          <params>
            <param index="0">
              <value>
                <![CDATA[[Ljava.lang.String;@3ed34ef5]]>
              </value>
            </param>
          </params>
          <reporter-output>
          </reporter-output>
        </test-method> <!-- test_1 -->
        <test-method status="PASS" signature="after_method()[pri:0, instance:com.nmc.testcases.testcase01.SampleTestCase@5b3f61ff]" name="after_method" is-config="true" duration-ms="20" started-at="2020-01-31T04:43:47Z" finished-at="2020-01-31T04:43:47Z">
          <reporter-output>
          </reporter-output>
        </test-method> <!-- after_method -->
      </class> <!-- com.nmc.testcases.testcase01.SampleTestCase -->
    </test> <!-- Registration Automation -->
  </suite> <!-- Suite -->
</testng-results>
